#
# There is insufficient memory for the Java Runtime Environment to continue.
# Native memory allocation (malloc) failed to allocate 32784 bytes. Error detail: Chunk::new
# Possible reasons:
#   The system is out of physical RAM or swap space
#   This process is running with CompressedOops enabled, and the Java Heap may be blocking the growth of the native heap
# Possible solutions:
#   Reduce memory load on the system
#   Increase physical memory or swap space
#   Check if swap backing store is full
#   Decrease Java heap size (-Xmx/-Xms)
#   Decrease number of Java threads
#   Decrease Java thread stack sizes (-Xss)
#   Set larger code cache with -XX:ReservedCodeCacheSize=
#   JVM is running with Unscaled Compressed Oops mode in which the Java heap is
#     placed in the first 4GB address space. The Java Heap base address is the
#     maximum limit for the native heap growth. Please use -XX:HeapBaseMinAddress
#     to set the Java Heap base and to place the Java Heap above 4GB virtual address.
# This output file may be truncated or incomplete.
#
#  Out of Memory Error (arena.cpp:168), pid=36492, tid=35764
#
# JRE version: OpenJDK Runtime Environment JBR-21.0.6+8-631.39-jcef (21.0.6+8) (build 21.0.6+8-b631.39)
# Java VM: OpenJDK 64-Bit Server VM JBR-21.0.6+8-631.39-jcef (21.0.6+8-b631.39, mixed mode, sharing, tiered, compressed oops, compressed class ptrs, g1 gc, windows-amd64)
# No core dump will be written. Minidumps are not enabled by default on client versions of Windows
#

---------------  S U M M A R Y ------------

Command Line: -Djava.rmi.server.hostname=127.0.0.1 -Duser.timezone=UTC -Xmx2048m -Xms128m -Djdbc.classpath=C:\Users\18369\AppData\Local\Temp\RemoteDriver.classpath.txt --add-exports=java.desktop/sun.awt=ALL-UNNAMED --add-exports=java.desktop/java.awt.peer=ALL-UNNAMED --add-opens=java.desktop/java.awt=ALL-UNNAMED --add-opens=jdk.unsupported/sun.misc=ALL-UNNAMED --add-opens=java.base/java.nio=ALL-UNNAMED --add-opens=java.base/java.util=ALL-UNNAMED -Dfile.encoding=UTF-8 -Dsun.stdout.encoding=UTF-8 -Dsun.stderr.encoding=UTF-8 com.intellij.database.remote.RemoteJdbcServer com.mysql.cj.jdbc.Driver

Host: 12th Gen Intel(R) Core(TM) i5-12450H, 12 cores, 15G,  Windows 11 , 64 bit Build 26100 (10.0.26100.5074)
Time: Thu Sep 18 19:38:02 2025  Windows 11 , 64 bit Build 26100 (10.0.26100.5074) elapsed time: 19477.682582 seconds (0d 5h 24m 37s)

---------------  T H R E A D  ---------------

Current thread (0x000001ab83140090):  JavaThread "C2 CompilerThread0" daemon [_thread_in_native, id=35764, stack(0x0000004d1c300000,0x0000004d1c400000) (1024K)]


Current CompileTask:
C2:19477682 3271   !   4       sun.rmi.transport.StreamRemoteCall::releaseOutputStream (60 bytes)

Stack: [0x0000004d1c300000,0x0000004d1c400000]
Native frames: (J=compiled Java code, j=interpreted, Vv=VM code, C=native code)
V  [jvm.dll+0x6e5d39]
V  [jvm.dll+0x8c4133]
V  [jvm.dll+0x8c668e]
V  [jvm.dll+0x8c6d73]
V  [jvm.dll+0x288f76]
V  [jvm.dll+0xc66dd]
V  [jvm.dll+0xc6c13]
V  [jvm.dll+0xc6805]
V  [jvm.dll+0x6c182a]
V  [jvm.dll+0x8d8dc]
V  [jvm.dll+0x67432d]
V  [jvm.dll+0x67227e]
V  [jvm.dll+0x25063f]
V  [jvm.dll+0x24fd91]
V  [jvm.dll+0x1cd6c4]
V  [jvm.dll+0x25f60c]
V  [jvm.dll+0x25db56]
V  [jvm.dll+0x3ff756]
V  [jvm.dll+0x86bd48]
V  [jvm.dll+0x6e453d]
C  [ucrtbase.dll+0x37b0]
C  [KERNEL32.DLL+0x2e8d7]
C  [ntdll.dll+0x8d9c]


---------------  P R O C E S S  ---------------

Threads class SMR info:
_java_thread_list=0x000001ab89573a50, length=20, elements={
0x000001ab296298c0, 0x000001ab41f963b0, 0x000001ab41f97000, 0x000001ab41f9fbc0,
0x000001ab41fa1620, 0x000001ab41faa080, 0x000001ab41faac00, 0x000001ab83140090,
0x000001ab41faffb0, 0x000001ab8328a920, 0x000001ab8328bc50, 0x000001ab8352e130,
0x000001ab834bd960, 0x000001ab836e11a0, 0x000001ab836e1800, 0x000001ab834a54a0,
0x000001ab83b889b0, 0x000001ab83b89d60, 0x000001ab83b8a3f0, 0x000001ab83b86f70
}

Java Threads: ( => current thread )
  0x000001ab296298c0 JavaThread "main"                              [_thread_blocked, id=30708, stack(0x0000004d1b500000,0x0000004d1b600000) (1024K)]
  0x000001ab41f963b0 JavaThread "Reference Handler"          daemon [_thread_blocked, id=4464, stack(0x0000004d1bd00000,0x0000004d1be00000) (1024K)]
  0x000001ab41f97000 JavaThread "Finalizer"                  daemon [_thread_blocked, id=4856, stack(0x0000004d1be00000,0x0000004d1bf00000) (1024K)]
  0x000001ab41f9fbc0 JavaThread "Signal Dispatcher"          daemon [_thread_blocked, id=21148, stack(0x0000004d1bf00000,0x0000004d1c000000) (1024K)]
  0x000001ab41fa1620 JavaThread "Attach Listener"            daemon [_thread_blocked, id=32832, stack(0x0000004d1c000000,0x0000004d1c100000) (1024K)]
  0x000001ab41faa080 JavaThread "Service Thread"             daemon [_thread_blocked, id=37128, stack(0x0000004d1c100000,0x0000004d1c200000) (1024K)]
  0x000001ab41faac00 JavaThread "Monitor Deflation Thread"   daemon [_thread_blocked, id=2228, stack(0x0000004d1c200000,0x0000004d1c300000) (1024K)]
=>0x000001ab83140090 JavaThread "C2 CompilerThread0"         daemon [_thread_in_native, id=35764, stack(0x0000004d1c300000,0x0000004d1c400000) (1024K)]
  0x000001ab41faffb0 JavaThread "C1 CompilerThread0"         daemon [_thread_blocked, id=21900, stack(0x0000004d1c400000,0x0000004d1c500000) (1024K)]
  0x000001ab8328a920 JavaThread "Common-Cleaner"             daemon [_thread_blocked, id=37496, stack(0x0000004d1c500000,0x0000004d1c600000) (1024K)]
  0x000001ab8328bc50 JavaThread "Notification Thread"        daemon [_thread_blocked, id=25324, stack(0x0000004d1c600000,0x0000004d1c700000) (1024K)]
  0x000001ab8352e130 JavaThread "mysql-cj-abandoned-connection-cleanup" daemon [_thread_blocked, id=35932, stack(0x0000004d1c800000,0x0000004d1c900000) (1024K)]
  0x000001ab834bd960 JavaThread "RMI TCP Accept-57030"       daemon [_thread_in_native, id=34812, stack(0x0000004d1c900000,0x0000004d1ca00000) (1024K)]
  0x000001ab836e11a0 JavaThread "RMI TCP Accept-0"           daemon [_thread_in_native, id=32052, stack(0x0000004d1ca00000,0x0000004d1cb00000) (1024K)]
  0x000001ab836e1800 JavaThread "RMI Reaper"                        [_thread_blocked, id=37184, stack(0x0000004d1cb00000,0x0000004d1cc00000) (1024K)]
  0x000001ab834a54a0 JavaThread "RMI GC Daemon"              daemon [_thread_blocked, id=35316, stack(0x0000004d1cc00000,0x0000004d1cd00000) (1024K)]
  0x000001ab83b889b0 JavaThread "RMI TCP Connection(2)-127.0.0.1" daemon [_thread_in_native, id=24980, stack(0x0000004d1ce00000,0x0000004d1cf00000) (1024K)]
  0x000001ab83b89d60 JavaThread "RMI Scheduler(0)"           daemon [_thread_blocked, id=34276, stack(0x0000004d1d000000,0x0000004d1d100000) (1024K)]
  0x000001ab83b8a3f0 JavaThread "RMI TCP Connection(4)-127.0.0.1" daemon [_thread_in_native, id=29456, stack(0x0000004d1d100000,0x0000004d1d200000) (1024K)]
  0x000001ab83b86f70 JavaThread "RMI RenewClean-[127.0.0.1:62335]" daemon [_thread_blocked, id=36140, stack(0x0000004d1d200000,0x0000004d1d300000) (1024K)]
Total: 20

Other Threads:
  0x000001ab41f7a860 VMThread "VM Thread"                           [id=28124, stack(0x0000004d1bc00000,0x0000004d1bd00000) (1024K)]
  0x000001ab41f68110 WatcherThread "VM Periodic Task Thread"        [id=8240, stack(0x0000004d1bb00000,0x0000004d1bc00000) (1024K)]
  0x000001ab29683f90 WorkerThread "GC Thread#0"                     [id=24192, stack(0x0000004d1b600000,0x0000004d1b700000) (1024K)]
  0x000001ab8374ba30 WorkerThread "GC Thread#1"                     [id=26092, stack(0x0000004d1d300000,0x0000004d1d400000) (1024K)]
  0x000001ab837596c0 WorkerThread "GC Thread#2"                     [id=9020, stack(0x0000004d1d400000,0x0000004d1d500000) (1024K)]
  0x000001ab83759a60 WorkerThread "GC Thread#3"                     [id=31128, stack(0x0000004d1d500000,0x0000004d1d600000) (1024K)]
  0x000001ab83951a50 WorkerThread "GC Thread#4"                     [id=20792, stack(0x0000004d1d600000,0x0000004d1d700000) (1024K)]
  0x000001ab83944350 WorkerThread "GC Thread#5"                     [id=31992, stack(0x0000004d1d700000,0x0000004d1d800000) (1024K)]
  0x000001ab83cdf910 WorkerThread "GC Thread#6"                     [id=21644, stack(0x0000004d1d800000,0x0000004d1d900000) (1024K)]
  0x000001ab83cdfcb0 WorkerThread "GC Thread#7"                     [id=32688, stack(0x0000004d1d900000,0x0000004d1da00000) (1024K)]
  0x000001ab83ce0050 WorkerThread "GC Thread#8"                     [id=32584, stack(0x0000004d1da00000,0x0000004d1db00000) (1024K)]
  0x000001ab83ce1410 WorkerThread "GC Thread#9"                     [id=33764, stack(0x0000004d1db00000,0x0000004d1dc00000) (1024K)]
  0x000001ab296d3410 ConcurrentGCThread "G1 Main Marker"            [id=32284, stack(0x0000004d1b700000,0x0000004d1b800000) (1024K)]
  0x000001ab296d3e20 WorkerThread "G1 Conc#0"                       [id=18424, stack(0x0000004d1b800000,0x0000004d1b900000) (1024K)]
  0x000001ab41e2d2a0 ConcurrentGCThread "G1 Refine#0"               [id=14700, stack(0x0000004d1b900000,0x0000004d1ba00000) (1024K)]
  0x000001ab41e2dd20 ConcurrentGCThread "G1 Service"                [id=37408, stack(0x0000004d1ba00000,0x0000004d1bb00000) (1024K)]
Total: 16

Threads with active compile tasks:
C2 CompilerThread0  19477714 3271   !   4       sun.rmi.transport.StreamRemoteCall::releaseOutputStream (60 bytes)
Total: 1

VM state: not at safepoint (normal execution)

VM Mutex/Monitor currently owned by a thread: None

Heap address: 0x0000000080000000, size: 2048 MB, Compressed Oops mode: 32-bit

CDS archive(s) mapped at: [0x000001ab42000000-0x000001ab42d00000-0x000001ab42d00000), size 13631488, SharedBaseAddress: 0x000001ab42000000, ArchiveRelocationMode: 1.
Compressed class space mapped at: 0x000001ab43000000-0x000001ab83000000, reserved size: 1073741824
Narrow klass base: 0x000001ab42000000, Narrow klass shift: 0, Narrow klass range: 0x100000000

GC Precious Log:
 CardTable entry size: 512
 Card Set container configuration: InlinePtr #cards 5 size 8 Array Of Cards #cards 12 size 40 Howl #buckets 4 coarsen threshold 1843 Howl Bitmap #cards 512 size 80 coarsen threshold 460 Card regions per heap region 1 cards per card region 2048
 CPUs: 12 total, 12 available
 Memory: 16091M
 Large Page Support: Disabled
 NUMA Support: Disabled
 Compressed Oops: Enabled (32-bit)
 Heap Region Size: 1M
 Heap Min Capacity: 128M
 Heap Initial Capacity: 128M
 Heap Max Capacity: 2G
 Pre-touch: Disabled
 Parallel Workers: 10
 Concurrent Workers: 3
 Concurrent Refinement Workers: 10
 Periodic GC: Disabled

Heap:
 garbage-first heap   total 131072K, used 14523K [0x0000000080000000, 0x0000000100000000)
  region size 1024K, 4 young (4096K), 0 survivors (0K)
 Metaspace       used 18008K, committed 18688K, reserved 1114112K
  class space    used 1988K, committed 2240K, reserved 1048576K

Heap Regions: E=young(eden), S=young(survivor), O=old, HS=humongous(starts), HC=humongous(continues), CS=collection set, F=free, TAMS=top-at-mark-start, PB=parsable bottom
|   0|0x0000000080000000, 0x0000000080100000, 0x0000000080100000|100%|HS|  |TAMS 0x0000000080000000| PB 0x0000000080000000| Untracked 
|   1|0x0000000080100000, 0x0000000080200000, 0x0000000080200000|100%|HC|  |TAMS 0x0000000080100000| PB 0x0000000080100000| Untracked 
|   2|0x0000000080200000, 0x0000000080300000, 0x0000000080300000|100%|HS|  |TAMS 0x0000000080200000| PB 0x0000000080200000| Untracked 
|   3|0x0000000080300000, 0x0000000080400000, 0x0000000080400000|100%|HS|  |TAMS 0x0000000080300000| PB 0x0000000080300000| Untracked 
|   4|0x0000000080400000, 0x0000000080500000, 0x0000000080500000|100%| O|  |TAMS 0x0000000080400000| PB 0x0000000080400000| Untracked 
|   5|0x0000000080500000, 0x00000000805fffc8, 0x0000000080600000| 99%| O|  |TAMS 0x0000000080500000| PB 0x0000000080500000| Untracked 
|   6|0x0000000080600000, 0x00000000806fffd8, 0x0000000080700000| 99%| O|  |TAMS 0x0000000080600000| PB 0x0000000080600000| Untracked 
|   7|0x0000000080700000, 0x00000000807fffc8, 0x0000000080800000| 99%| O|  |TAMS 0x0000000080700000| PB 0x0000000080700000| Untracked 
|   8|0x0000000080800000, 0x00000000808ffff0, 0x0000000080900000| 99%| O|  |TAMS 0x0000000080800000| PB 0x0000000080800000| Untracked 
|   9|0x0000000080900000, 0x0000000080a00000, 0x0000000080a00000|100%| O|  |TAMS 0x0000000080900000| PB 0x0000000080900000| Untracked 
|  10|0x0000000080a00000, 0x0000000080aa1778, 0x0000000080b00000| 63%| O|  |TAMS 0x0000000080a00000| PB 0x0000000080a00000| Untracked 
|  11|0x0000000080b00000, 0x0000000080b63438, 0x0000000080c00000| 38%| O|  |TAMS 0x0000000080b00000| PB 0x0000000080b00000| Untracked 
|  12|0x0000000080c00000, 0x0000000080c2a480, 0x0000000080d00000| 16%| O|  |TAMS 0x0000000080c00000| PB 0x0000000080c00000| Untracked 
|  13|0x0000000080d00000, 0x0000000080d00000, 0x0000000080e00000|  0%| F|  |TAMS 0x0000000080d00000| PB 0x0000000080d00000| Untracked 
|  14|0x0000000080e00000, 0x0000000080e00000, 0x0000000080f00000|  0%| F|  |TAMS 0x0000000080e00000| PB 0x0000000080e00000| Untracked 
|  15|0x0000000080f00000, 0x0000000080f00000, 0x0000000081000000|  0%| F|  |TAMS 0x0000000080f00000| PB 0x0000000080f00000| Untracked 
|  16|0x0000000081000000, 0x0000000081000000, 0x0000000081100000|  0%| F|  |TAMS 0x0000000081000000| PB 0x0000000081000000| Untracked 
|  17|0x0000000081100000, 0x0000000081100000, 0x0000000081200000|  0%| F|  |TAMS 0x0000000081100000| PB 0x0000000081100000| Untracked 
|  18|0x0000000081200000, 0x0000000081200000, 0x0000000081300000|  0%| F|  |TAMS 0x0000000081200000| PB 0x0000000081200000| Untracked 
|  19|0x0000000081300000, 0x0000000081300000, 0x0000000081400000|  0%| F|  |TAMS 0x0000000081300000| PB 0x0000000081300000| Untracked 
|  20|0x0000000081400000, 0x0000000081400000, 0x0000000081500000|  0%| F|  |TAMS 0x0000000081400000| PB 0x0000000081400000| Untracked 
|  21|0x0000000081500000, 0x0000000081500000, 0x0000000081600000|  0%| F|  |TAMS 0x0000000081500000| PB 0x0000000081500000| Untracked 
|  22|0x0000000081600000, 0x0000000081600000, 0x0000000081700000|  0%| F|  |TAMS 0x0000000081600000| PB 0x0000000081600000| Untracked 
|  23|0x0000000081700000, 0x0000000081700000, 0x0000000081800000|  0%| F|  |TAMS 0x0000000081700000| PB 0x0000000081700000| Untracked 
|  24|0x0000000081800000, 0x0000000081800000, 0x0000000081900000|  0%| F|  |TAMS 0x0000000081800000| PB 0x0000000081800000| Untracked 
|  25|0x0000000081900000, 0x0000000081900000, 0x0000000081a00000|  0%| F|  |TAMS 0x0000000081900000| PB 0x0000000081900000| Untracked 
|  26|0x0000000081a00000, 0x0000000081a00000, 0x0000000081b00000|  0%| F|  |TAMS 0x0000000081a00000| PB 0x0000000081a00000| Untracked 
|  27|0x0000000081b00000, 0x0000000081b00000, 0x0000000081c00000|  0%| F|  |TAMS 0x0000000081b00000| PB 0x0000000081b00000| Untracked 
|  28|0x0000000081c00000, 0x0000000081c00000, 0x0000000081d00000|  0%| F|  |TAMS 0x0000000081c00000| PB 0x0000000081c00000| Untracked 
|  29|0x0000000081d00000, 0x0000000081d00000, 0x0000000081e00000|  0%| F|  |TAMS 0x0000000081d00000| PB 0x0000000081d00000| Untracked 
|  30|0x0000000081e00000, 0x0000000081e00000, 0x0000000081f00000|  0%| F|  |TAMS 0x0000000081e00000| PB 0x0000000081e00000| Untracked 
|  31|0x0000000081f00000, 0x0000000081f00000, 0x0000000082000000|  0%| F|  |TAMS 0x0000000081f00000| PB 0x0000000081f00000| Untracked 
|  32|0x0000000082000000, 0x0000000082000000, 0x0000000082100000|  0%| F|  |TAMS 0x0000000082000000| PB 0x0000000082000000| Untracked 
|  33|0x0000000082100000, 0x0000000082100000, 0x0000000082200000|  0%| F|  |TAMS 0x0000000082100000| PB 0x0000000082100000| Untracked 
|  34|0x0000000082200000, 0x0000000082200000, 0x0000000082300000|  0%| F|  |TAMS 0x0000000082200000| PB 0x0000000082200000| Untracked 
|  35|0x0000000082300000, 0x0000000082300000, 0x0000000082400000|  0%| F|  |TAMS 0x0000000082300000| PB 0x0000000082300000| Untracked 
|  36|0x0000000082400000, 0x0000000082400000, 0x0000000082500000|  0%| F|  |TAMS 0x0000000082400000| PB 0x0000000082400000| Untracked 
|  37|0x0000000082500000, 0x0000000082500000, 0x0000000082600000|  0%| F|  |TAMS 0x0000000082500000| PB 0x0000000082500000| Untracked 
|  38|0x0000000082600000, 0x0000000082600000, 0x0000000082700000|  0%| F|  |TAMS 0x0000000082600000| PB 0x0000000082600000| Untracked 
|  39|0x0000000082700000, 0x0000000082700000, 0x0000000082800000|  0%| F|  |TAMS 0x0000000082700000| PB 0x0000000082700000| Untracked 
|  40|0x0000000082800000, 0x0000000082800000, 0x0000000082900000|  0%| F|  |TAMS 0x0000000082800000| PB 0x0000000082800000| Untracked 
|  41|0x0000000082900000, 0x0000000082900000, 0x0000000082a00000|  0%| F|  |TAMS 0x0000000082900000| PB 0x0000000082900000| Untracked 
|  42|0x0000000082a00000, 0x0000000082a00000, 0x0000000082b00000|  0%| F|  |TAMS 0x0000000082a00000| PB 0x0000000082a00000| Untracked 
|  43|0x0000000082b00000, 0x0000000082b00000, 0x0000000082c00000|  0%| F|  |TAMS 0x0000000082b00000| PB 0x0000000082b00000| Untracked 
|  44|0x0000000082c00000, 0x0000000082c00000, 0x0000000082d00000|  0%| F|  |TAMS 0x0000000082c00000| PB 0x0000000082c00000| Untracked 
|  45|0x0000000082d00000, 0x0000000082d00000, 0x0000000082e00000|  0%| F|  |TAMS 0x0000000082d00000| PB 0x0000000082d00000| Untracked 
|  46|0x0000000082e00000, 0x0000000082e00000, 0x0000000082f00000|  0%| F|  |TAMS 0x0000000082e00000| PB 0x0000000082e00000| Untracked 
|  47|0x0000000082f00000, 0x0000000082f00000, 0x0000000083000000|  0%| F|  |TAMS 0x0000000082f00000| PB 0x0000000082f00000| Untracked 
|  48|0x0000000083000000, 0x0000000083000000, 0x0000000083100000|  0%| F|  |TAMS 0x0000000083000000| PB 0x0000000083000000| Untracked 
|  49|0x0000000083100000, 0x0000000083100000, 0x0000000083200000|  0%| F|  |TAMS 0x0000000083100000| PB 0x0000000083100000| Untracked 
|  50|0x0000000083200000, 0x0000000083200000, 0x0000000083300000|  0%| F|  |TAMS 0x0000000083200000| PB 0x0000000083200000| Untracked 
|  51|0x0000000083300000, 0x0000000083300000, 0x0000000083400000|  0%| F|  |TAMS 0x0000000083300000| PB 0x0000000083300000| Untracked 
|  52|0x0000000083400000, 0x0000000083400000, 0x0000000083500000|  0%| F|  |TAMS 0x0000000083400000| PB 0x0000000083400000| Untracked 
|  53|0x0000000083500000, 0x0000000083500000, 0x0000000083600000|  0%| F|  |TAMS 0x0000000083500000| PB 0x0000000083500000| Untracked 
|  54|0x0000000083600000, 0x0000000083600000, 0x0000000083700000|  0%| F|  |TAMS 0x0000000083600000| PB 0x0000000083600000| Untracked 
|  55|0x0000000083700000, 0x0000000083700000, 0x0000000083800000|  0%| F|  |TAMS 0x0000000083700000| PB 0x0000000083700000| Untracked 
|  56|0x0000000083800000, 0x0000000083800000, 0x0000000083900000|  0%| F|  |TAMS 0x0000000083800000| PB 0x0000000083800000| Untracked 
|  57|0x0000000083900000, 0x0000000083900000, 0x0000000083a00000|  0%| F|  |TAMS 0x0000000083900000| PB 0x0000000083900000| Untracked 
|  58|0x0000000083a00000, 0x0000000083a00000, 0x0000000083b00000|  0%| F|  |TAMS 0x0000000083a00000| PB 0x0000000083a00000| Untracked 
|  59|0x0000000083b00000, 0x0000000083b00000, 0x0000000083c00000|  0%| F|  |TAMS 0x0000000083b00000| PB 0x0000000083b00000| Untracked 
|  60|0x0000000083c00000, 0x0000000083c00000, 0x0000000083d00000|  0%| F|  |TAMS 0x0000000083c00000| PB 0x0000000083c00000| Untracked 
|  61|0x0000000083d00000, 0x0000000083d00000, 0x0000000083e00000|  0%| F|  |TAMS 0x0000000083d00000| PB 0x0000000083d00000| Untracked 
|  62|0x0000000083e00000, 0x0000000083e00000, 0x0000000083f00000|  0%| F|  |TAMS 0x0000000083e00000| PB 0x0000000083e00000| Untracked 
|  63|0x0000000083f00000, 0x0000000083f00000, 0x0000000084000000|  0%| F|  |TAMS 0x0000000083f00000| PB 0x0000000083f00000| Untracked 
|  64|0x0000000084000000, 0x0000000084000000, 0x0000000084100000|  0%| F|  |TAMS 0x0000000084000000| PB 0x0000000084000000| Untracked 
|  65|0x0000000084100000, 0x0000000084100000, 0x0000000084200000|  0%| F|  |TAMS 0x0000000084100000| PB 0x0000000084100000| Untracked 
|  66|0x0000000084200000, 0x0000000084200000, 0x0000000084300000|  0%| F|  |TAMS 0x0000000084200000| PB 0x0000000084200000| Untracked 
|  67|0x0000000084300000, 0x0000000084300000, 0x0000000084400000|  0%| F|  |TAMS 0x0000000084300000| PB 0x0000000084300000| Untracked 
|  68|0x0000000084400000, 0x0000000084400000, 0x0000000084500000|  0%| F|  |TAMS 0x0000000084400000| PB 0x0000000084400000| Untracked 
|  69|0x0000000084500000, 0x0000000084500000, 0x0000000084600000|  0%| F|  |TAMS 0x0000000084500000| PB 0x0000000084500000| Untracked 
|  70|0x0000000084600000, 0x0000000084600000, 0x0000000084700000|  0%| F|  |TAMS 0x0000000084600000| PB 0x0000000084600000| Untracked 
|  71|0x0000000084700000, 0x0000000084700000, 0x0000000084800000|  0%| F|  |TAMS 0x0000000084700000| PB 0x0000000084700000| Untracked 
|  72|0x0000000084800000, 0x0000000084800000, 0x0000000084900000|  0%| F|  |TAMS 0x0000000084800000| PB 0x0000000084800000| Untracked 
|  73|0x0000000084900000, 0x0000000084900000, 0x0000000084a00000|  0%| F|  |TAMS 0x0000000084900000| PB 0x0000000084900000| Untracked 
|  74|0x0000000084a00000, 0x0000000084a00000, 0x0000000084b00000|  0%| F|  |TAMS 0x0000000084a00000| PB 0x0000000084a00000| Untracked 
|  75|0x0000000084b00000, 0x0000000084b00000, 0x0000000084c00000|  0%| F|  |TAMS 0x0000000084b00000| PB 0x0000000084b00000| Untracked 
|  76|0x0000000084c00000, 0x0000000084c00000, 0x0000000084d00000|  0%| F|  |TAMS 0x0000000084c00000| PB 0x0000000084c00000| Untracked 
|  77|0x0000000084d00000, 0x0000000084d00000, 0x0000000084e00000|  0%| F|  |TAMS 0x0000000084d00000| PB 0x0000000084d00000| Untracked 
|  78|0x0000000084e00000, 0x0000000084e00000, 0x0000000084f00000|  0%| F|  |TAMS 0x0000000084e00000| PB 0x0000000084e00000| Untracked 
|  79|0x0000000084f00000, 0x0000000084f00000, 0x0000000085000000|  0%| F|  |TAMS 0x0000000084f00000| PB 0x0000000084f00000| Untracked 
|  80|0x0000000085000000, 0x0000000085000000, 0x0000000085100000|  0%| F|  |TAMS 0x0000000085000000| PB 0x0000000085000000| Untracked 
|  81|0x0000000085100000, 0x0000000085100000, 0x0000000085200000|  0%| F|  |TAMS 0x0000000085100000| PB 0x0000000085100000| Untracked 
|  82|0x0000000085200000, 0x0000000085200000, 0x0000000085300000|  0%| F|  |TAMS 0x0000000085200000| PB 0x0000000085200000| Untracked 
|  83|0x0000000085300000, 0x0000000085300000, 0x0000000085400000|  0%| F|  |TAMS 0x0000000085300000| PB 0x0000000085300000| Untracked 
|  84|0x0000000085400000, 0x0000000085400000, 0x0000000085500000|  0%| F|  |TAMS 0x0000000085400000| PB 0x0000000085400000| Untracked 
|  85|0x0000000085500000, 0x0000000085500000, 0x0000000085600000|  0%| F|  |TAMS 0x0000000085500000| PB 0x0000000085500000| Untracked 
|  86|0x0000000085600000, 0x0000000085600000, 0x0000000085700000|  0%| F|  |TAMS 0x0000000085600000| PB 0x0000000085600000| Untracked 
|  87|0x0000000085700000, 0x0000000085700000, 0x0000000085800000|  0%| F|  |TAMS 0x0000000085700000| PB 0x0000000085700000| Untracked 
|  88|0x0000000085800000, 0x0000000085800000, 0x0000000085900000|  0%| F|  |TAMS 0x0000000085800000| PB 0x0000000085800000| Untracked 
|  89|0x0000000085900000, 0x0000000085900000, 0x0000000085a00000|  0%| F|  |TAMS 0x0000000085900000| PB 0x0000000085900000| Untracked 
|  90|0x0000000085a00000, 0x0000000085a00000, 0x0000000085b00000|  0%| F|  |TAMS 0x0000000085a00000| PB 0x0000000085a00000| Untracked 
|  91|0x0000000085b00000, 0x0000000085b00000, 0x0000000085c00000|  0%| F|  |TAMS 0x0000000085b00000| PB 0x0000000085b00000| Untracked 
|  92|0x0000000085c00000, 0x0000000085c00000, 0x0000000085d00000|  0%| F|  |TAMS 0x0000000085c00000| PB 0x0000000085c00000| Untracked 
|  93|0x0000000085d00000, 0x0000000085d00000, 0x0000000085e00000|  0%| F|  |TAMS 0x0000000085d00000| PB 0x0000000085d00000| Untracked 
|  94|0x0000000085e00000, 0x0000000085e00000, 0x0000000085f00000|  0%| F|  |TAMS 0x0000000085e00000| PB 0x0000000085e00000| Untracked 
|  95|0x0000000085f00000, 0x0000000085f00000, 0x0000000086000000|  0%| F|  |TAMS 0x0000000085f00000| PB 0x0000000085f00000| Untracked 
|  96|0x0000000086000000, 0x0000000086000000, 0x0000000086100000|  0%| F|  |TAMS 0x0000000086000000| PB 0x0000000086000000| Untracked 
|  97|0x0000000086100000, 0x0000000086100000, 0x0000000086200000|  0%| F|  |TAMS 0x0000000086100000| PB 0x0000000086100000| Untracked 
|  98|0x0000000086200000, 0x0000000086200000, 0x0000000086300000|  0%| F|  |TAMS 0x0000000086200000| PB 0x0000000086200000| Untracked 
|  99|0x0000000086300000, 0x0000000086300000, 0x0000000086400000|  0%| F|  |TAMS 0x0000000086300000| PB 0x0000000086300000| Untracked 
| 100|0x0000000086400000, 0x0000000086400000, 0x0000000086500000|  0%| F|  |TAMS 0x0000000086400000| PB 0x0000000086400000| Untracked 
| 101|0x0000000086500000, 0x0000000086500000, 0x0000000086600000|  0%| F|  |TAMS 0x0000000086500000| PB 0x0000000086500000| Untracked 
| 102|0x0000000086600000, 0x0000000086600000, 0x0000000086700000|  0%| F|  |TAMS 0x0000000086600000| PB 0x0000000086600000| Untracked 
| 103|0x0000000086700000, 0x0000000086700000, 0x0000000086800000|  0%| F|  |TAMS 0x0000000086700000| PB 0x0000000086700000| Untracked 
| 104|0x0000000086800000, 0x0000000086800000, 0x0000000086900000|  0%| F|  |TAMS 0x0000000086800000| PB 0x0000000086800000| Untracked 
| 105|0x0000000086900000, 0x0000000086900000, 0x0000000086a00000|  0%| F|  |TAMS 0x0000000086900000| PB 0x0000000086900000| Untracked 
| 106|0x0000000086a00000, 0x0000000086a00000, 0x0000000086b00000|  0%| F|  |TAMS 0x0000000086a00000| PB 0x0000000086a00000| Untracked 
| 107|0x0000000086b00000, 0x0000000086b00000, 0x0000000086c00000|  0%| F|  |TAMS 0x0000000086b00000| PB 0x0000000086b00000| Untracked 
| 108|0x0000000086c00000, 0x0000000086c00000, 0x0000000086d00000|  0%| F|  |TAMS 0x0000000086c00000| PB 0x0000000086c00000| Untracked 
| 109|0x0000000086d00000, 0x0000000086d00000, 0x0000000086e00000|  0%| F|  |TAMS 0x0000000086d00000| PB 0x0000000086d00000| Untracked 
| 110|0x0000000086e00000, 0x0000000086e00000, 0x0000000086f00000|  0%| F|  |TAMS 0x0000000086e00000| PB 0x0000000086e00000| Untracked 
| 111|0x0000000086f00000, 0x0000000086f00000, 0x0000000087000000|  0%| F|  |TAMS 0x0000000086f00000| PB 0x0000000086f00000| Untracked 
| 112|0x0000000087000000, 0x0000000087000000, 0x0000000087100000|  0%| F|  |TAMS 0x0000000087000000| PB 0x0000000087000000| Untracked 
| 113|0x0000000087100000, 0x0000000087100000, 0x0000000087200000|  0%| F|  |TAMS 0x0000000087100000| PB 0x0000000087100000| Untracked 
| 114|0x0000000087200000, 0x0000000087200000, 0x0000000087300000|  0%| F|  |TAMS 0x0000000087200000| PB 0x0000000087200000| Untracked 
| 115|0x0000000087300000, 0x0000000087300000, 0x0000000087400000|  0%| F|  |TAMS 0x0000000087300000| PB 0x0000000087300000| Untracked 
| 116|0x0000000087400000, 0x0000000087400000, 0x0000000087500000|  0%| F|  |TAMS 0x0000000087400000| PB 0x0000000087400000| Untracked 
| 117|0x0000000087500000, 0x0000000087500000, 0x0000000087600000|  0%| F|  |TAMS 0x0000000087500000| PB 0x0000000087500000| Untracked 
| 118|0x0000000087600000, 0x0000000087600000, 0x0000000087700000|  0%| F|  |TAMS 0x0000000087600000| PB 0x0000000087600000| Untracked 
| 119|0x0000000087700000, 0x0000000087700000, 0x0000000087800000|  0%| F|  |TAMS 0x0000000087700000| PB 0x0000000087700000| Untracked 
| 120|0x0000000087800000, 0x0000000087800000, 0x0000000087900000|  0%| F|  |TAMS 0x0000000087800000| PB 0x0000000087800000| Untracked 
| 121|0x0000000087900000, 0x0000000087900000, 0x0000000087a00000|  0%| F|  |TAMS 0x0000000087900000| PB 0x0000000087900000| Untracked 
| 122|0x0000000087a00000, 0x0000000087a00000, 0x0000000087b00000|  0%| F|  |TAMS 0x0000000087a00000| PB 0x0000000087a00000| Untracked 
| 123|0x0000000087b00000, 0x0000000087b00000, 0x0000000087c00000|  0%| F|  |TAMS 0x0000000087b00000| PB 0x0000000087b00000| Untracked 
| 124|0x0000000087c00000, 0x0000000087d00000, 0x0000000087d00000|100%| E|  |TAMS 0x0000000087c00000| PB 0x0000000087c00000| Complete 
| 125|0x0000000087d00000, 0x0000000087e00000, 0x0000000087e00000|100%| E|CS|TAMS 0x0000000087d00000| PB 0x0000000087d00000| Complete 
| 126|0x0000000087e00000, 0x0000000087f00000, 0x0000000087f00000|100%| E|CS|TAMS 0x0000000087e00000| PB 0x0000000087e00000| Complete 
| 127|0x0000000087f00000, 0x0000000088000000, 0x0000000088000000|100%| E|CS|TAMS 0x0000000087f00000| PB 0x0000000087f00000| Complete 

Card table byte_map: [0x000001ab3cf10000,0x000001ab3d310000] _byte_map_base: 0x000001ab3cb10000

Marking Bits: (CMBitMap*) 0x000001ab296845a0
 Bits: [0x000001ab3d310000, 0x000001ab3f310000)

Polling page: 0x000001ab274f0000

Metaspace:

Usage:
  Non-class:     15.64 MB used.
      Class:      1.94 MB used.
       Both:     17.59 MB used.

Virtual space:
  Non-class space:       64.00 MB reserved,      16.06 MB ( 25%) committed,  1 nodes.
      Class space:        1.00 GB reserved,       2.19 MB ( <1%) committed,  1 nodes.
             Both:        1.06 GB reserved,      18.25 MB (  2%) committed. 

Chunk freelists:
   Non-Class:  15.87 MB
       Class:  13.94 MB
        Both:  29.81 MB

MaxMetaspaceSize: unlimited
CompressedClassSpaceSize: 1.00 GB
Initial GC threshold: 21.00 MB
Current GC threshold: 30.44 MB
CDS: on
 - commit_granule_bytes: 65536.
 - commit_granule_words: 8192.
 - virtual_space_node_default_size: 8388608.
 - enlarge_chunks_in_place: 1.
 - use_allocation_guard: 0.


Internal statistics:

num_allocs_failed_limit: 0.
num_arena_births: 580.
num_arena_deaths: 264.
num_vsnodes_births: 2.
num_vsnodes_deaths: 0.
num_space_committed: 292.
num_space_uncommitted: 0.
num_chunks_returned_to_freelist: 350.
num_chunks_taken_from_freelist: 1089.
num_chunk_merges: 81.
num_chunk_splits: 661.
num_chunks_enlarged: 308.
num_inconsistent_stats: 0.

CodeHeap 'non-profiled nmethods': size=120000Kb used=1685Kb max_used=1685Kb free=118314Kb
 bounds [0x000001ab35090000, 0x000001ab35300000, 0x000001ab3c5c0000]
CodeHeap 'profiled nmethods': size=120000Kb used=5220Kb max_used=6270Kb free=114779Kb
 bounds [0x000001ab2d5c0000, 0x000001ab2dbe0000, 0x000001ab34af0000]
CodeHeap 'non-nmethods': size=5760Kb used=1526Kb max_used=1573Kb free=4234Kb
 bounds [0x000001ab34af0000, 0x000001ab34d60000, 0x000001ab35090000]
 total_blobs=3366 nmethods=2777 adapters=493
 compilation: enabled
              stopped_count=0, restarted_count=0
 full_count=0

Compilation events (20 events):
Event: 18821.583 Thread 0x000001ab41faffb0 nmethod 3261 0x000001ab2d756610 code [0x000001ab2d7567c0, 0x000001ab2d756a00]
Event: 18901.544 Thread 0x000001ab41faffb0 3262       3       java.net.URI$Parser::scanByte (46 bytes)
Event: 18901.544 Thread 0x000001ab41faffb0 nmethod 3262 0x000001ab2d61b010 code [0x000001ab2d61b1e0, 0x000001ab2d61b448]
Event: 18901.546 Thread 0x000001ab41faffb0 3263       1       sun.rmi.transport.StreamRemoteCall::getConnection (5 bytes)
Event: 18901.546 Thread 0x000001ab41faffb0 nmethod 3263 0x000001ab351b6810 code [0x000001ab351b69a0, 0x000001ab351b6a68]
Event: 18901.546 Thread 0x000001ab41faffb0 3264       1       sun.rmi.transport.tcp.TCPConnection::isReusable (2 bytes)
Event: 18901.546 Thread 0x000001ab41faffb0 nmethod 3264 0x000001ab35230010 code [0x000001ab352301a0, 0x000001ab35230268]
Event: 19074.490 Thread 0x000001ab83140090 3265       4       java.util.concurrent.locks.AbstractQueuedSynchronizer$ConditionObject::enableWait (84 bytes)
Event: 19074.493 Thread 0x000001ab83140090 nmethod 3265 0x000001ab35230310 code [0x000001ab35230500, 0x000001ab35230b18]
Event: 19167.360 Thread 0x000001ab83140090 3266   !   4       java.io.ObjectInputStream::readObject (160 bytes)
Event: 19167.364 Thread 0x000001ab83140090 nmethod 3266 0x000001ab35230e10 code [0x000001ab35230fe0, 0x000001ab35231418]
Event: 19176.372 Thread 0x000001ab83140090 3267       4       java.rmi.server.ObjID::read (22 bytes)
Event: 19176.376 Thread 0x000001ab83140090 nmethod 3267 0x000001ab35231810 code [0x000001ab35231a00, 0x000001ab35231e48]
Event: 19185.380 Thread 0x000001ab83140090 3268       4       sun.rmi.transport.StreamRemoteCall::<init> (35 bytes)
Event: 19185.381 Thread 0x000001ab83140090 nmethod 3268 0x000001ab35232410 code [0x000001ab352325a0, 0x000001ab35232890]
Event: 19194.388 Thread 0x000001ab83140090 3269       4       sun.rmi.transport.StreamRemoteCall::getResultStream (86 bytes)
Event: 19194.410 Thread 0x000001ab83140090 nmethod 3269 0x000001ab35232910 code [0x000001ab35232c00, 0x000001ab35233fb0]
Event: 19201.556 Thread 0x000001ab41faffb0 3270       3       java.io.DataOutputStream::writeInt (28 bytes)
Event: 19201.556 Thread 0x000001ab41faffb0 nmethod 3270 0x000001ab2d6bbf90 code [0x000001ab2d6bc1c0, 0x000001ab2d6bc928]
Event: 19473.648 Thread 0x000001ab83140090 3271   !   4       sun.rmi.transport.StreamRemoteCall::releaseOutputStream (60 bytes)

GC Heap History (14 events):
Event: 1.143 GC heap before
{Heap before GC invocations=0 (full 0):
 garbage-first heap   total 131072K, used 27648K [0x0000000080000000, 0x0000000100000000)
  region size 1024K, 23 young (23552K), 0 survivors (0K)
 Metaspace       used 7566K, committed 8000K, reserved 1114112K
  class space    used 962K, committed 1152K, reserved 1048576K
}
Event: 1.148 GC heap after
{Heap after GC invocations=1 (full 0):
 garbage-first heap   total 131072K, used 9137K [0x0000000080000000, 0x0000000100000000)
  region size 1024K, 3 young (3072K), 3 survivors (3072K)
 Metaspace       used 7566K, committed 8000K, reserved 1114112K
  class space    used 962K, committed 1152K, reserved 1048576K
}
Event: 2.476 GC heap before
{Heap before GC invocations=1 (full 0):
 garbage-first heap   total 131072K, used 36785K [0x0000000080000000, 0x0000000100000000)
  region size 1024K, 31 young (31744K), 3 survivors (3072K)
 Metaspace       used 18042K, committed 18496K, reserved 1114112K
  class space    used 2050K, committed 2240K, reserved 1048576K
}
Event: 2.482 GC heap after
{Heap after GC invocations=2 (full 0):
 garbage-first heap   total 131072K, used 13227K [0x0000000080000000, 0x0000000100000000)
  region size 1024K, 4 young (4096K), 4 survivors (4096K)
 Metaspace       used 18042K, committed 18496K, reserved 1114112K
  class space    used 2050K, committed 2240K, reserved 1048576K
}
Event: 3600.112 GC heap before
{Heap before GC invocations=2 (full 0):
 garbage-first heap   total 131072K, used 22443K [0x0000000080000000, 0x0000000100000000)
  region size 1024K, 14 young (14336K), 4 survivors (4096K)
 Metaspace       used 18278K, committed 18688K, reserved 1114112K
  class space    used 2058K, committed 2240K, reserved 1048576K
}
Event: 3600.206 GC heap after
{Heap after GC invocations=3 (full 1):
 garbage-first heap   total 131072K, used 12202K [0x0000000080000000, 0x0000000100000000)
  region size 1024K, 0 young (0K), 0 survivors (0K)
 Metaspace       used 18239K, committed 18688K, reserved 1114112K
  class space    used 2048K, committed 2240K, reserved 1048576K
}
Event: 7200.213 GC heap before
{Heap before GC invocations=3 (full 1):
 garbage-first heap   total 131072K, used 19370K [0x0000000080000000, 0x0000000100000000)
  region size 1024K, 8 young (8192K), 0 survivors (0K)
 Metaspace       used 18240K, committed 18688K, reserved 1114112K
  class space    used 2048K, committed 2240K, reserved 1048576K
}
Event: 7200.255 GC heap after
{Heap after GC invocations=4 (full 2):
 garbage-first heap   total 131072K, used 11449K [0x0000000080000000, 0x0000000100000000)
  region size 1024K, 0 young (0K), 0 survivors (0K)
 Metaspace       used 17985K, committed 18688K, reserved 1114112K
  class space    used 1988K, committed 2240K, reserved 1048576K
}
Event: 10800.267 GC heap before
{Heap before GC invocations=4 (full 2):
 garbage-first heap   total 131072K, used 17593K [0x0000000080000000, 0x0000000100000000)
  region size 1024K, 7 young (7168K), 0 survivors (0K)
 Metaspace       used 17989K, committed 18688K, reserved 1114112K
  class space    used 1988K, committed 2240K, reserved 1048576K
}
Event: 10800.292 GC heap after
{Heap after GC invocations=5 (full 3):
 garbage-first heap   total 131072K, used 11449K [0x0000000080000000, 0x0000000100000000)
  region size 1024K, 0 young (0K), 0 survivors (0K)
 Metaspace       used 17989K, committed 18688K, reserved 1114112K
  class space    used 1988K, committed 2240K, reserved 1048576K
}
Event: 14400.298 GC heap before
{Heap before GC invocations=5 (full 3):
 garbage-first heap   total 131072K, used 17593K [0x0000000080000000, 0x0000000100000000)
  region size 1024K, 7 young (7168K), 0 survivors (0K)
 Metaspace       used 18001K, committed 18688K, reserved 1114112K
  class space    used 1988K, committed 2240K, reserved 1048576K
}
Event: 14400.322 GC heap after
{Heap after GC invocations=6 (full 4):
 garbage-first heap   total 131072K, used 11449K [0x0000000080000000, 0x0000000100000000)
  region size 1024K, 0 young (0K), 0 survivors (0K)
 Metaspace       used 18001K, committed 18688K, reserved 1114112K
  class space    used 1988K, committed 2240K, reserved 1048576K
}
Event: 18000.334 GC heap before
{Heap before GC invocations=6 (full 4):
 garbage-first heap   total 131072K, used 18617K [0x0000000080000000, 0x0000000100000000)
  region size 1024K, 8 young (8192K), 0 survivors (0K)
 Metaspace       used 18006K, committed 18688K, reserved 1114112K
  class space    used 1988K, committed 2240K, reserved 1048576K
}
Event: 18000.404 GC heap after
{Heap after GC invocations=7 (full 5):
 garbage-first heap   total 131072K, used 11451K [0x0000000080000000, 0x0000000100000000)
  region size 1024K, 0 young (0K), 0 survivors (0K)
 Metaspace       used 18006K, committed 18688K, reserved 1114112K
  class space    used 1988K, committed 2240K, reserved 1048576K
}

Dll operation events (2 events):
Event: 0.099 Loaded shared library D:\IntelliJ IDEA 2024.3.5\jbr\bin\java.dll
Event: 0.175 Loaded shared library D:\IntelliJ IDEA 2024.3.5\jbr\bin\zip.dll

Deoptimization events (20 events):
Event: 301.079 Thread 0x000001ab83b86f70 Uncommon trap: trap_request=0xffffff45 fr.pc=0x000001ab351a7ad4 relative=0x0000000000000134
Event: 301.079 Thread 0x000001ab83b86f70 Uncommon trap: reason=unstable_if action=reinterpret pc=0x000001ab351a7ad4 method=java.lang.ThreadLocal$ThreadLocalMap.getEntry(Ljava/lang/ThreadLocal;)Ljava/lang/ThreadLocal$ThreadLocalMap$Entry; @ 21 c2
Event: 301.079 Thread 0x000001ab83b86f70 DEOPT PACKING pc=0x000001ab351a7ad4 sp=0x0000004d1d2fe490
Event: 301.079 Thread 0x000001ab83b86f70 DEOPT UNPACKING pc=0x000001ab34b446a2 sp=0x0000004d1d2fe3a0 mode 2
Event: 7201.175 Thread 0x000001ab83b8a3f0 Uncommon trap: trap_request=0xffffff45 fr.pc=0x000001ab351b1520 relative=0x00000000000002c0
Event: 7201.176 Thread 0x000001ab83b8a3f0 Uncommon trap: reason=unstable_if action=reinterpret pc=0x000001ab351b1520 method=java.lang.ref.ReferenceQueue.poll()Ljava/lang/ref/Reference; @ 4 c2
Event: 7201.176 Thread 0x000001ab83b8a3f0 DEOPT PACKING pc=0x000001ab351b1520 sp=0x0000004d1d1fe410
Event: 7201.176 Thread 0x000001ab83b8a3f0 DEOPT UNPACKING pc=0x000001ab34b446a2 sp=0x0000004d1d1fe2e8 mode 2
Event: 7201.176 Thread 0x000001ab83b8a3f0 Uncommon trap: trap_request=0xffffff45 fr.pc=0x000001ab35174910 relative=0x0000000000000070
Event: 7201.176 Thread 0x000001ab83b8a3f0 Uncommon trap: reason=unstable_if action=reinterpret pc=0x000001ab35174910 method=java.lang.ref.ReferenceQueue.poll()Ljava/lang/ref/Reference; @ 4 c2
Event: 7201.176 Thread 0x000001ab83b8a3f0 DEOPT PACKING pc=0x000001ab35174910 sp=0x0000004d1d1fe350
Event: 7201.176 Thread 0x000001ab83b8a3f0 DEOPT UNPACKING pc=0x000001ab34b446a2 sp=0x0000004d1d1fe2e0 mode 2
Event: 7201.176 Thread 0x000001ab83b8a3f0 Uncommon trap: trap_request=0xffffff45 fr.pc=0x000001ab351b0d88 relative=0x0000000000000148
Event: 7201.176 Thread 0x000001ab83b8a3f0 Uncommon trap: reason=unstable_if action=reinterpret pc=0x000001ab351b0d88 method=java.lang.ClassValue.match(Ljava/lang/ClassValue$Entry;)Z @ 12 c2
Event: 7201.176 Thread 0x000001ab83b8a3f0 DEOPT PACKING pc=0x000001ab351b0d88 sp=0x0000004d1d1fe380
Event: 7201.176 Thread 0x000001ab83b8a3f0 DEOPT UNPACKING pc=0x000001ab34b446a2 sp=0x0000004d1d1fe2e0 mode 2
Event: 7201.177 Thread 0x000001ab83b86f70 Uncommon trap: trap_request=0xffffff45 fr.pc=0x000001ab351b9a6c relative=0x0000000000002c6c
Event: 7201.177 Thread 0x000001ab83b86f70 Uncommon trap: reason=unstable_if action=reinterpret pc=0x000001ab351b9a6c method=java.lang.ClassValue.match(Ljava/lang/ClassValue$Entry;)Z @ 12 c2
Event: 7201.177 Thread 0x000001ab83b86f70 DEOPT PACKING pc=0x000001ab351b9a6c sp=0x0000004d1d2fec00
Event: 7201.177 Thread 0x000001ab83b86f70 DEOPT UNPACKING pc=0x000001ab34b446a2 sp=0x0000004d1d2fea10 mode 2

Classes loaded (20 events):
Event: 1.855 Loading class java/util/regex/Pattern$Pos
Event: 1.855 Loading class java/util/regex/Pattern$Pos done
Event: 2.236 Loading class java/math/BigDecimal$UnsafeHolder
Event: 2.236 Loading class java/math/BigDecimal$UnsafeHolder done
Event: 2.237 Loading class java/io/ObjectOutputStream$PutFieldImpl
Event: 2.237 Loading class java/io/ObjectOutputStream$PutField
Event: 2.237 Loading class java/io/ObjectOutputStream$PutField done
Event: 2.237 Loading class java/io/ObjectOutputStream$PutFieldImpl done
Event: 2.615 Loading class sun/security/ssl/Alert
Event: 2.615 Loading class sun/security/ssl/Alert done
Event: 2.615 Loading class sun/security/ssl/Alert$AlertConsumer
Event: 2.615 Loading class sun/security/ssl/Alert$AlertConsumer done
Event: 2.615 Loading class sun/security/ssl/Alert$Level
Event: 2.615 Loading class sun/security/ssl/Alert$Level done
Event: 2.617 Loading class java/io/InterruptedIOException
Event: 2.617 Loading class java/io/InterruptedIOException done
Event: 2.617 Loading class java/lang/StackTraceElement$HashedModules
Event: 2.617 Loading class java/lang/StackTraceElement$HashedModules done
Event: 16.097 Loading class java/util/ArrayList$ListItr
Event: 16.100 Loading class java/util/ArrayList$ListItr done

Classes unloaded (20 events):
Event: 7200.224 Thread 0x000001ab41f7a860 Unloading class 0x000001ab4308e000 'java/lang/invoke/LambdaForm$MH+0x000001ab4308e000'
Event: 7200.224 Thread 0x000001ab41f7a860 Unloading class 0x000001ab4308d800 'java/lang/invoke/LambdaForm$MH+0x000001ab4308d800'
Event: 7200.224 Thread 0x000001ab41f7a860 Unloading class 0x000001ab4308cc00 'java/lang/invoke/LambdaForm$MH+0x000001ab4308cc00'
Event: 7200.224 Thread 0x000001ab41f7a860 Unloading class 0x000001ab4308c800 'java/lang/invoke/LambdaForm$MH+0x000001ab4308c800'
Event: 7200.224 Thread 0x000001ab41f7a860 Unloading class 0x000001ab4308c000 'java/lang/invoke/LambdaForm$MH+0x000001ab4308c000'
Event: 7200.224 Thread 0x000001ab41f7a860 Unloading class 0x000001ab4308b800 'java/lang/invoke/LambdaForm$DMH+0x000001ab4308b800'
Event: 7200.224 Thread 0x000001ab41f7a860 Unloading class 0x000001ab4308b000 'java/lang/invoke/LambdaForm$DMH+0x000001ab4308b000'
Event: 7200.224 Thread 0x000001ab41f7a860 Unloading class 0x000001ab43089c00 'java/lang/invoke/LambdaForm$MH+0x000001ab43089c00'
Event: 7200.224 Thread 0x000001ab41f7a860 Unloading class 0x000001ab43089800 'java/lang/invoke/LambdaForm$MH+0x000001ab43089800'
Event: 7200.224 Thread 0x000001ab41f7a860 Unloading class 0x000001ab43086000 'java/lang/invoke/LambdaForm$MH+0x000001ab43086000'
Event: 7200.224 Thread 0x000001ab41f7a860 Unloading class 0x000001ab43084400 'java/lang/invoke/LambdaForm$MH+0x000001ab43084400'
Event: 7200.224 Thread 0x000001ab41f7a860 Unloading class 0x000001ab43084000 'java/lang/invoke/LambdaForm$MH+0x000001ab43084000'
Event: 7200.224 Thread 0x000001ab41f7a860 Unloading class 0x000001ab43082000 'java/lang/invoke/LambdaForm$DMH+0x000001ab43082000'
Event: 7200.224 Thread 0x000001ab41f7a860 Unloading class 0x000001ab43081800 'java/lang/invoke/LambdaForm$DMH+0x000001ab43081800'
Event: 7200.224 Thread 0x000001ab41f7a860 Unloading class 0x000001ab43081000 'java/lang/invoke/LambdaForm$DMH+0x000001ab43081000'
Event: 7200.224 Thread 0x000001ab41f7a860 Unloading class 0x000001ab4303f400 'java/lang/invoke/LambdaForm$MH+0x000001ab4303f400'
Event: 7200.224 Thread 0x000001ab41f7a860 Unloading class 0x000001ab4303f000 'java/lang/invoke/LambdaForm$MH+0x000001ab4303f000'
Event: 7200.224 Thread 0x000001ab41f7a860 Unloading class 0x000001ab4303d000 'java/lang/invoke/LambdaForm$MH+0x000001ab4303d000'
Event: 7200.224 Thread 0x000001ab41f7a860 Unloading class 0x000001ab4303c000 'java/lang/invoke/LambdaForm$DMH+0x000001ab4303c000'
Event: 7200.224 Thread 0x000001ab41f7a860 Unloading class 0x000001ab43004400 'java/lang/invoke/LambdaForm$MH+0x000001ab43004400'

Classes redefined (0 events):
No events

Internal exceptions (20 events):
Event: 1.722 Thread 0x000001ab83b8a3f0 Exception <a 'java/lang/NoSuchMethodError'{0x0000000086ebb448}: 'int java.lang.invoke.DirectMethodHandle$Holder.invokeSpecial(java.lang.Object, java.lang.Object, java.lang.Object, int)'> (0x0000000086ebb448) 
thrown [s\src\hotspot\share\interpreter\linkResolver.cpp, line 784]
Event: 1.722 Thread 0x000001ab83b8a3f0 Exception <a 'java/lang/NoSuchMethodError'{0x0000000086ecd6e8}: 'java.lang.Object java.lang.invoke.DirectMethodHandle$Holder.invokeStatic(java.lang.Object, java.lang.Object, java.lang.Object, java.lang.Object, int)'> (0x0000000086ecd6e8) 
thrown [s\src\hotspot\share\interpreter\linkResolver.cpp, line 784]
Event: 1.732 Thread 0x000001ab83b8a3f0 Exception <a 'java/lang/NoSuchMethodError'{0x0000000086ef90b8}: 'void java.lang.invoke.DirectMethodHandle$Holder.invokeInterface(java.lang.Object, java.lang.Object, int)'> (0x0000000086ef90b8) 
thrown [s\src\hotspot\share\interpreter\linkResolver.cpp, line 784]
Event: 1.732 Thread 0x000001ab83b8a3f0 Exception <a 'java/lang/NoSuchMethodError'{0x0000000086efcf40}: 'void java.lang.invoke.DelegatingMethodHandle$Holder.reinvoke_L(java.lang.Object, java.lang.Object, int)'> (0x0000000086efcf40) 
thrown [s\src\hotspot\share\interpreter\linkResolver.cpp, line 784]
Event: 1.806 Thread 0x000001ab83b8a3f0 Exception <a 'java/lang/NoSuchMethodError'{0x0000000086cdf000}: 'java.lang.Object java.lang.invoke.DirectMethodHandle$Holder.invokeInterface(java.lang.Object, java.lang.Object, int)'> (0x0000000086cdf000) 
thrown [s\src\hotspot\share\interpreter\linkResolver.cpp, line 784]
Event: 1.822 Thread 0x000001ab83b8a3f0 Exception <a 'java/lang/NoSuchMethodError'{0x0000000086b0bcb8}: 'void java.lang.invoke.DirectMethodHandle$Holder.invokeInterface(java.lang.Object, java.lang.Object)'> (0x0000000086b0bcb8) 
thrown [s\src\hotspot\share\interpreter\linkResolver.cpp, line 784]
Event: 1.856 Thread 0x000001ab83b8a3f0 Exception <a 'java/lang/NoSuchMethodError'{0x0000000086a0e310}: static Lcom/intellij/database/remote/jdba/core/ConnectionInfo;.<clinit>()V> (0x0000000086a0e310) 
thrown [s\src\hotspot\share\prims\jni.cpp, line 1135]
Event: 1.857 Thread 0x000001ab83b8a3f0 Exception <a 'java/lang/NoSuchMethodError'{0x0000000086a18e68}: static Ljava/lang/Object;.<clinit>()V> (0x0000000086a18e68) 
thrown [s\src\hotspot\share\prims\jni.cpp, line 1135]
Event: 1.857 Thread 0x000001ab83b8a3f0 Exception <a 'java/lang/NoSuchMethodError'{0x0000000086a1d448}: static [I.<clinit>()V> (0x0000000086a1d448) 
thrown [s\src\hotspot\share\prims\jni.cpp, line 1135]
Event: 1.872 Thread 0x000001ab83b8a3f0 Exception <a 'java/lang/NoSuchMethodError'{0x0000000086a41d10}: 'java.lang.Object java.lang.invoke.DirectMethodHandle$Holder.invokeInterface(java.lang.Object, java.lang.Object, java.lang.Object, java.lang.Object)'> (0x0000000086a41d10) 
thrown [s\src\hotspot\share\interpreter\linkResolver.cpp, line 784]
Event: 1.910 Thread 0x000001ab83b8a3f0 Exception <a 'java/lang/NoSuchMethodError'{0x00000000869524f0}: static Lcom/intellij/database/remote/jdba/core/ResultLayout;.<clinit>()V> (0x00000000869524f0) 
thrown [s\src\hotspot\share\prims\jni.cpp, line 1135]
Event: 1.912 Thread 0x000001ab83b8a3f0 Exception <a 'java/lang/NoSuchMethodError'{0x000000008695f6b8}: static Lcom/intellij/database/remote/jdba/core/RowLayout;.<clinit>()V> (0x000000008695f6b8) 
thrown [s\src\hotspot\share\prims\jni.cpp, line 1135]
Event: 1.914 Thread 0x000001ab83b8a3f0 Exception <a 'java/lang/NoSuchMethodError'{0x000000008696b160}: static Lcom/intellij/database/remote/jdba/util/NameAndClass;.<clinit>()V> (0x000000008696b160) 
thrown [s\src\hotspot\share\prims\jni.cpp, line 1135]
Event: 1.914 Thread 0x000001ab83b8a3f0 Exception <a 'java/lang/NoSuchMethodError'{0x000000008696de70}: 'java.lang.Object java.lang.invoke.DirectMethodHandle$Holder.invokeInterface(java.lang.Object, java.lang.Object, int, java.lang.Object)'> (0x000000008696de70) 
thrown [s\src\hotspot\share\interpreter\linkResolver.cpp, line 784]
Event: 1.915 Thread 0x000001ab83b8a3f0 Exception <a 'java/lang/NoSuchMethodError'{0x0000000086972258}: 'java.lang.Object java.lang.invoke.DirectMethodHandle$Holder.invokeSpecial(java.lang.Object, java.lang.Object, java.lang.Object, int, java.lang.Object)'> (0x0000000086972258) 
thrown [s\src\hotspot\share\interpreter\linkResolver.cpp, line 784]
Event: 1.946 Thread 0x000001ab83b8a3f0 Exception <a 'java/lang/NoSuchMethodError'{0x00000000869e8be8}: static [Ljava/lang/String;.<clinit>()V> (0x00000000869e8be8) 
thrown [s\src\hotspot\share\prims\jni.cpp, line 1135]
Event: 2.043 Thread 0x000001ab83b8a3f0 Exception <a 'java/lang/NoSuchMethodError'{0x00000000865c3c28}: static [Ljava/lang/Object;.<clinit>()V> (0x00000000865c3c28) 
thrown [s\src\hotspot\share\prims\jni.cpp, line 1135]
Event: 2.617 Thread 0x000001ab83b8a3f0 Exception <a 'java/io/IOException'{0x0000000087d4aff0}> (0x0000000087d4aff0) 
thrown [s\src\hotspot\share\prims\jni.cpp, line 535]
Event: 301.079 Thread 0x000001ab83b86f70 Implicit null exception at 0x000001ab351a90eb to 0x000001ab351a9190
Event: 301.079 Thread 0x000001ab83b86f70 Implicit null exception at 0x000001ab351a79f5 to 0x000001ab351a7ab4

ZGC Phase Switch (0 events):
No events

VM Operations (20 events):
Event: 10800.264 Executing VM operation: G1CollectFull (System.gc())
Event: 10800.292 Executing VM operation: G1CollectFull (System.gc()) done
Event: 11002.028 Executing VM operation: Cleanup
Event: 11002.028 Executing VM operation: Cleanup done
Event: 11101.939 Executing VM operation: Cleanup
Event: 11101.939 Executing VM operation: Cleanup done
Event: 11659.860 Executing VM operation: Cleanup
Event: 11659.860 Executing VM operation: Cleanup done
Event: 14400.297 Executing VM operation: G1CollectFull (System.gc())
Event: 14400.322 Executing VM operation: G1CollectFull (System.gc()) done
Event: 15662.582 Executing VM operation: Cleanup
Event: 15662.583 Executing VM operation: Cleanup done
Event: 17645.565 Executing VM operation: Cleanup
Event: 17645.565 Executing VM operation: Cleanup done
Event: 18000.333 Executing VM operation: G1CollectFull (System.gc())
Event: 18000.404 Executing VM operation: G1CollectFull (System.gc()) done
Event: 18002.427 Executing VM operation: Cleanup
Event: 18002.427 Executing VM operation: Cleanup done
Event: 18301.998 Executing VM operation: Cleanup
Event: 18301.999 Executing VM operation: Cleanup done

Memory protections (0 events):
No events

Nmethod flushes (20 events):
Event: 14400.316 Thread 0x000001ab41f7a860 flushing  nmethod 0x000001ab2da14a10
Event: 14400.316 Thread 0x000001ab41f7a860 flushing  nmethod 0x000001ab2da15d90
Event: 14400.316 Thread 0x000001ab41f7a860 flushing  nmethod 0x000001ab2da19710
Event: 14400.316 Thread 0x000001ab41f7a860 flushing  nmethod 0x000001ab2da63910
Event: 14400.316 Thread 0x000001ab41f7a860 flushing  nmethod 0x000001ab2da84090
Event: 18000.392 Thread 0x000001ab41f7a860 flushing  nmethod 0x000001ab2da5d810
Event: 18000.392 Thread 0x000001ab41f7a860 flushing  nmethod 0x000001ab2da6f490
Event: 18000.392 Thread 0x000001ab41f7a860 flushing  nmethod 0x000001ab2da8cd90
Event: 18000.392 Thread 0x000001ab41f7a860 flushing  nmethod 0x000001ab2db96510
Event: 18000.392 Thread 0x000001ab41f7a860 flushing  nmethod 0x000001ab2db99f10
Event: 18000.392 Thread 0x000001ab41f7a860 flushing  nmethod 0x000001ab2dbcfb10
Event: 18000.392 Thread 0x000001ab41f7a860 flushing  nmethod 0x000001ab2da44090
Event: 18000.392 Thread 0x000001ab41f7a860 flushing  nmethod 0x000001ab2da7de10
Event: 18000.392 Thread 0x000001ab41f7a860 flushing  nmethod 0x000001ab2da83510
Event: 18000.393 Thread 0x000001ab41f7a860 flushing  nmethod 0x000001ab2d706710
Event: 18000.393 Thread 0x000001ab41f7a860 flushing  nmethod 0x000001ab2da06690
Event: 18000.393 Thread 0x000001ab41f7a860 flushing  nmethod 0x000001ab2da3e110
Event: 18000.393 Thread 0x000001ab41f7a860 flushing  nmethod 0x000001ab2da66c90
Event: 18000.393 Thread 0x000001ab41f7a860 flushing  nmethod 0x000001ab2db87c90
Event: 18000.393 Thread 0x000001ab41f7a860 flushing  nmethod 0x000001ab2db9f890

Events (20 events):
Event: 0.870 Thread 0x000001ab296298c0 Thread added: 0x000001ab836e11a0
Event: 0.871 Thread 0x000001ab296298c0 Thread added: 0x000001ab836e1800
Event: 0.897 Loaded shared library D:\IntelliJ IDEA 2024.3.5\jbr\bin\rmi.dll
Event: 0.898 Thread 0x000001ab296298c0 Thread added: 0x000001ab834a54a0
Event: 0.913 Thread 0x000001ab834bd960 Thread added: 0x000001ab83a5e6b0
Event: 0.913 Thread 0x000001ab834bd960 Thread added: 0x000001ab83b889b0
Event: 0.944 Thread 0x000001ab836e11a0 Thread added: 0x000001ab83b87c90
Event: 0.944 Thread 0x000001ab83a5e6b0 Thread added: 0x000001ab83b89d60
Event: 0.948 Thread 0x000001ab836e11a0 Thread added: 0x000001ab83b8a3f0
Event: 1.076 Thread 0x000001ab83b8a3f0 Thread added: 0x000001ab83b86f70
Event: 1.330 Loaded shared library D:\IntelliJ IDEA 2024.3.5\jbr\bin\sunmscapi.dll
Event: 1.452 Thread 0x000001ab41faffb0 Thread added: 0x000001ab41faf210
Event: 5.678 Thread 0x000001ab41faf210 Thread exited: 0x000001ab41faf210
Event: 5.678 Thread 0x000001ab41faf8e0 Thread exited: 0x000001ab41faf8e0
Event: 5.683 Thread 0x000001ab83b8a3f0 Thread added: 0x000001ab83b87600
Event: 5.684 Thread 0x000001ab83b8a3f0 Thread added: 0x000001ab83b89040
Event: 5.688 Thread 0x000001ab83b89040 Thread exited: 0x000001ab83b89040
Event: 5.688 Thread 0x000001ab83b87600 Thread exited: 0x000001ab83b87600
Event: 75.946 Thread 0x000001ab83a5e6b0 Thread exited: 0x000001ab83a5e6b0
Event: 75.953 Thread 0x000001ab83b87c90 Thread exited: 0x000001ab83b87c90


Dynamic libraries:
0x00007ff7714a0000 - 0x00007ff7714aa000 	D:\IntelliJ IDEA 2024.3.5\jbr\bin\java.exe
0x00007ffeedee0000 - 0x00007ffeee149000 	C:\WINDOWS\SYSTEM32\ntdll.dll
0x00007ffeed740000 - 0x00007ffeed809000 	C:\WINDOWS\System32\KERNEL32.DLL
0x00007ffeeb0a0000 - 0x00007ffeeb493000 	C:\WINDOWS\System32\KERNELBASE.dll
0x00007ffeeb4a0000 - 0x00007ffeeb5eb000 	C:\WINDOWS\System32\ucrtbase.dll
0x00007ffec3610000 - 0x00007ffec3628000 	D:\IntelliJ IDEA 2024.3.5\jbr\bin\jli.dll
0x00007ffeed330000 - 0x00007ffeed4f4000 	C:\WINDOWS\System32\USER32.dll
0x00007ffeeb070000 - 0x00007ffeeb097000 	C:\WINDOWS\System32\win32u.dll
0x00007ffeed520000 - 0x00007ffeed54b000 	C:\WINDOWS\System32\GDI32.dll
0x00007ffecf920000 - 0x00007ffecfbb3000 	C:\WINDOWS\WinSxS\amd64_microsoft.windows.common-controls_6595b64144ccf1df_6.0.26100.5074_none_3e0d6f78e32fd63f\COMCTL32.dll
0x00007ffeebb80000 - 0x00007ffeebcad000 	C:\WINDOWS\System32\gdi32full.dll
0x00007ffeeb5f0000 - 0x00007ffeeb693000 	C:\WINDOWS\System32\msvcp_win.dll
0x00007ffeec4d0000 - 0x00007ffeec579000 	C:\WINDOWS\System32\msvcrt.dll
0x00007ffee5820000 - 0x00007ffee583b000 	D:\IntelliJ IDEA 2024.3.5\jbr\bin\VCRUNTIME140.dll
0x00007ffeed140000 - 0x00007ffeed16f000 	C:\WINDOWS\System32\IMM32.DLL
0x00007ffee7b40000 - 0x00007ffee7b4c000 	D:\IntelliJ IDEA 2024.3.5\jbr\bin\vcruntime140_1.dll
0x00007ffe80e80000 - 0x00007ffe80f0d000 	D:\IntelliJ IDEA 2024.3.5\jbr\bin\msvcp140.dll
0x00007ffe10510000 - 0x00007ffe112d1000 	D:\IntelliJ IDEA 2024.3.5\jbr\bin\server\jvm.dll
0x00007ffeedc00000 - 0x00007ffeedcb4000 	C:\WINDOWS\System32\ADVAPI32.dll
0x00007ffeed090000 - 0x00007ffeed136000 	C:\WINDOWS\System32\sechost.dll
0x00007ffeedcd0000 - 0x00007ffeedde8000 	C:\WINDOWS\System32\RPCRT4.dll
0x00007ffeeddf0000 - 0x00007ffeede64000 	C:\WINDOWS\System32\WS2_32.dll
0x00007ffeeaed0000 - 0x00007ffeeaf2e000 	C:\WINDOWS\SYSTEM32\POWRPROF.dll
0x00007ffee0b00000 - 0x00007ffee0b35000 	C:\WINDOWS\SYSTEM32\WINMM.dll
0x00007ffee4440000 - 0x00007ffee444b000 	C:\WINDOWS\SYSTEM32\VERSION.dll
0x00007ffeeaeb0000 - 0x00007ffeeaec4000 	C:\WINDOWS\SYSTEM32\UMPDC.dll
0x00007ffee9dc0000 - 0x00007ffee9ddb000 	C:\WINDOWS\SYSTEM32\kernel.appcore.dll
0x00007ffecf6f0000 - 0x00007ffecf6fa000 	D:\IntelliJ IDEA 2024.3.5\jbr\bin\jimage.dll
0x00007ffee87e0000 - 0x00007ffee8a22000 	C:\WINDOWS\SYSTEM32\DBGHELP.DLL
0x00007ffeebcb0000 - 0x00007ffeec02b000 	C:\WINDOWS\System32\combase.dll
0x00007ffeece10000 - 0x00007ffeecee7000 	C:\WINDOWS\System32\OLEAUT32.dll
0x00007ffecc540000 - 0x00007ffecc57d000 	C:\WINDOWS\SYSTEM32\dbgcore.DLL
0x00007ffeeb6a0000 - 0x00007ffeeb739000 	C:\WINDOWS\System32\bcryptPrimitives.dll
0x00007ffebbe20000 - 0x00007ffebbe40000 	D:\IntelliJ IDEA 2024.3.5\jbr\bin\java.dll
0x00007ffeec6b0000 - 0x00007ffeecdfd000 	C:\WINDOWS\System32\SHELL32.dll
0x00007ffeeba10000 - 0x00007ffeebb7c000 	C:\WINDOWS\System32\wintypes.dll
0x00007ffee8c90000 - 0x00007ffee94e9000 	C:\WINDOWS\SYSTEM32\windows.storage.dll
0x00007ffeeda80000 - 0x00007ffeedb70000 	C:\WINDOWS\System32\SHCORE.dll
0x00007ffeec580000 - 0x00007ffeec5e2000 	C:\WINDOWS\System32\shlwapi.dll
0x00007ffeeaf90000 - 0x00007ffeeafb9000 	C:\WINDOWS\SYSTEM32\profapi.dll
0x00007ffeb9d20000 - 0x00007ffeb9d38000 	D:\IntelliJ IDEA 2024.3.5\jbr\bin\zip.dll
0x00007ffec4260000 - 0x00007ffec4270000 	D:\IntelliJ IDEA 2024.3.5\jbr\bin\net.dll
0x00007ffee46e0000 - 0x00007ffee47ff000 	C:\WINDOWS\SYSTEM32\WINHTTP.dll
0x00007ffeea380000 - 0x00007ffeea3eb000 	C:\WINDOWS\system32\mswsock.dll
0x00007ffeb97a0000 - 0x00007ffeb97b6000 	D:\IntelliJ IDEA 2024.3.5\jbr\bin\nio.dll
0x00007ffee9810000 - 0x00007ffee9844000 	C:\WINDOWS\SYSTEM32\IPHLPAPI.DLL
0x00007ffeed810000 - 0x00007ffeed81a000 	C:\WINDOWS\System32\NSI.dll
0x00007ffeea5e0000 - 0x00007ffeea5fb000 	C:\WINDOWS\SYSTEM32\CRYPTSP.dll
0x00007ffee9d80000 - 0x00007ffee9dbb000 	C:\WINDOWS\system32\rsaenh.dll
0x00007ffeea420000 - 0x00007ffeea44b000 	C:\WINDOWS\SYSTEM32\USERENV.dll
0x00007ffeeaf60000 - 0x00007ffeeaf86000 	C:\WINDOWS\SYSTEM32\bcrypt.dll
0x00007ffeea600000 - 0x00007ffeea60c000 	C:\WINDOWS\SYSTEM32\CRYPTBASE.dll
0x00007ffeb91e0000 - 0x00007ffeb91e9000 	D:\IntelliJ IDEA 2024.3.5\jbr\bin\extnet.dll
0x00007ffeb5670000 - 0x00007ffeb5677000 	D:\IntelliJ IDEA 2024.3.5\jbr\bin\rmi.dll
0x00007ffee98a0000 - 0x00007ffee99c6000 	C:\WINDOWS\SYSTEM32\DNSAPI.dll
0x0000000055730000 - 0x0000000055756000 	C:\Program Files\Bonjour\mdnsNSP.dll
0x00007ffee4480000 - 0x00007ffee448b000 	C:\Windows\System32\rasadhlp.dll
0x00007ffee5370000 - 0x00007ffee53f6000 	C:\WINDOWS\System32\fwpuclnt.dll
0x00007ffeb95f0000 - 0x00007ffeb95fe000 	D:\IntelliJ IDEA 2024.3.5\jbr\bin\sunmscapi.dll
0x00007ffeeb890000 - 0x00007ffeeba07000 	C:\WINDOWS\System32\CRYPT32.dll
0x00007ffeea890000 - 0x00007ffeea8c0000 	C:\WINDOWS\SYSTEM32\ncrypt.dll
0x00007ffeea840000 - 0x00007ffeea87f000 	C:\WINDOWS\SYSTEM32\NTASN1.dll

dbghelp: loaded successfully - version: 4.0.5 - missing functions: none
symbol engine: initialized successfully - sym options: 0x614 - pdb path: .;D:\IntelliJ IDEA 2024.3.5\jbr\bin;C:\WINDOWS\SYSTEM32;C:\WINDOWS\WinSxS\amd64_microsoft.windows.common-controls_6595b64144ccf1df_6.0.26100.5074_none_3e0d6f78e32fd63f;D:\IntelliJ IDEA 2024.3.5\jbr\bin\server;C:\Program Files\Bonjour

VM Arguments:
jvm_args: -Djava.rmi.server.hostname=127.0.0.1 -Duser.timezone=UTC -Xmx2048m -Xms128m -Djdbc.classpath=C:\Users\18369\AppData\Local\Temp\RemoteDriver.classpath.txt --add-exports=java.desktop/sun.awt=ALL-UNNAMED --add-exports=java.desktop/java.awt.peer=ALL-UNNAMED --add-opens=java.desktop/java.awt=ALL-UNNAMED --add-opens=jdk.unsupported/sun.misc=ALL-UNNAMED --add-opens=java.base/java.nio=ALL-UNNAMED --add-opens=java.base/java.util=ALL-UNNAMED -Dfile.encoding=UTF-8 -Dsun.stdout.encoding=UTF-8 -Dsun.stderr.encoding=UTF-8 
java_command: com.intellij.database.remote.RemoteJdbcServer com.mysql.cj.jdbc.Driver
java_class_path (initial): D:\IntelliJ IDEA 2024.3.5\lib\util_rt.jar;D:\IntelliJ IDEA 2024.3.5\lib\util-8.jar;D:\IntelliJ IDEA 2024.3.5\lib\groovy.jar;D:\IntelliJ IDEA 2024.3.5\plugins\DatabaseTools\lib\jdbc-console.jar;D:\IntelliJ IDEA 2024.3.5\plugins\grid-core-impl\lib\jdbc-console-types.jar;D:\IntelliJ IDEA 2024.3.5\lib\util.jar;D:\IntelliJ IDEA 2024.3.5\lib\bouncy-castle.jar
Launcher Type: SUN_STANDARD

[Global flags]
     intx CICompilerCount                          = 4                                         {product} {ergonomic}
     uint ConcGCThreads                            = 3                                         {product} {ergonomic}
     uint G1ConcRefinementThreads                  = 10                                        {product} {ergonomic}
   size_t G1HeapRegionSize                         = 1048576                                   {product} {ergonomic}
    uintx GCDrainStackTargetSize                   = 64                                        {product} {ergonomic}
   size_t InitialHeapSize                          = 134217728                                 {product} {command line}
   size_t MarkStackSize                            = 4194304                                   {product} {ergonomic}
   size_t MaxHeapSize                              = 2147483648                                {product} {command line}
   size_t MaxNewSize                               = 1287651328                                {product} {ergonomic}
   size_t MinHeapDeltaBytes                        = 1048576                                   {product} {ergonomic}
   size_t MinHeapSize                              = 134217728                                 {product} {command line}
    uintx NonNMethodCodeHeapSize                   = 5839372                                {pd product} {ergonomic}
    uintx NonProfiledCodeHeapSize                  = 122909434                              {pd product} {ergonomic}
    uintx ProfiledCodeHeapSize                     = 122909434                              {pd product} {ergonomic}
    uintx ReservedCodeCacheSize                    = 251658240                              {pd product} {ergonomic}
     bool SegmentedCodeCache                       = true                                      {product} {ergonomic}
   size_t SoftMaxHeapSize                          = 2147483648                             {manageable} {ergonomic}
     bool UseCompressedOops                        = true                           {product lp64_product} {ergonomic}
     bool UseG1GC                                  = true                                      {product} {ergonomic}
     bool UseLargePagesIndividualAllocation        = false                                  {pd product} {ergonomic}

Logging:
Log output configuration:
 #0: stdout all=warning uptime,level,tags foldmultilines=false
 #1: stderr all=off uptime,level,tags foldmultilines=false

Environment Variables:
PATH=C:\Program Files\Common Files\Oracle\Java\javapath;C:\Windows\system32;C:\Windows;C:\Windows\System32\Wbem;C:\Windows\System32\WindowsPowerShell\v1.0\;C:\Windows\System32\OpenSSH\;C:\Program Files (x86)\NVIDIA Corporation\PhysX\Common;C:\Program Files\NVIDIA Corporation\NVIDIA NvDLISR;C:\WINDOWS\system32;C:\WINDOWS;C:\WINDOWS\System32\Wbem;C:\WINDOWS\System32\WindowsPowerShell\v1.0\;C:\WINDOWS\System32\OpenSSH\;C:\Program Files (x86)\ZeroTier\One\;D:\nvm;C:\nvm4w\nodejs;D:\Git\cmd;D:\work\android\platform_tools;D:\tmp\AI_env;C:\Program Files\MySQL\MySQL Server 8.0\bin;D:\redius;D:\maven\apache-maven-3.6.0\bin;D:\Qt\6.9.0\mingw_64\bin;C:\Program Files\dotnet\;D:\ffmpeg-master-latest-win64-gpl-shared\bin;C:\Users\18369\AppData\Local\Programs\Python\Python310\Scripts\;C:\Users\18369\AppData\Local\Programs\Python\Python310\;C:\Users\18369\AppData\Local\Programs\Python\Launcher\;C:\Users\18369\AppData\Local\Microsoft\WindowsApps;D:\Microsoft VS Code\bin;D:\nvm;C:\nvm4w\nodejs;D:\IntelliJ IDEA 2024.3.5\bin;;D:\WebStorm 2025.1\bin;
USERNAME=18369
OS=Windows_NT
PROCESSOR_IDENTIFIER=Intel64 Family 6 Model 154 Stepping 3, GenuineIntel
TMP=C:\Users\18369\AppData\Local\Temp
TEMP=C:\Users\18369\AppData\Local\Temp




Periodic native trim disabled

JNI global refs:
JNI global refs: 18, weak refs: 0

JNI global refs memory usage: 835, weak refs: 201

Process memory usage:
Resident Set Size: 48620K (0% of 16478200K total physical memory with 836988K free physical memory)

OOME stack traces (most recent first):
Classloader memory used:
Loader bootstrap                                                                       : 10999K
Loader jdk.internal.loader.ClassLoaders$AppClassLoader                                 : 3378K
Loader com.intellij.database.remote.jdbc.impl.JdbcClassLoader$JdbcClassLoaderImpl      : 2816K
Loader jdk.internal.loader.ClassLoaders$PlatformClassLoader                            : 777K
Loader jdk.internal.reflect.DelegatingClassLoader                                      : 30168B
Loader com.intellij.database.remote.jdbc.impl.JdbcClassLoader$1                        : 6904B

---------------  S Y S T E M  ---------------

OS:
 Windows 11 , 64 bit Build 26100 (10.0.26100.5074)
OS uptime: 2 days 22:13 hours
Hyper-V role detected

CPU: total 12 (initial active 12) (6 cores per cpu, 2 threads per core) family 6 model 154 stepping 3 microcode 0x423, cx8, cmov, fxsr, ht, mmx, 3dnowpref, sse, sse2, sse3, ssse3, sse4.1, sse4.2, popcnt, lzcnt, tsc, tscinvbit, avx, avx2, aes, erms, clmul, bmi1, bmi2, adx, sha, fma, vzeroupper, clflush, clflushopt, clwb, hv, serialize, rdtscp, rdpid, fsrm, f16c, cet_ibt, cet_ss
Processor Information for processor 0
  Max Mhz: 2000, Current Mhz: 2000, Mhz Limit: 2000
Processor Information for processor 1
  Max Mhz: 2000, Current Mhz: 2000, Mhz Limit: 2000
Processor Information for processor 2
  Max Mhz: 2000, Current Mhz: 2000, Mhz Limit: 2000
Processor Information for processor 3
  Max Mhz: 2000, Current Mhz: 2000, Mhz Limit: 2000
Processor Information for processor 4
  Max Mhz: 2000, Current Mhz: 2000, Mhz Limit: 2000
Processor Information for processor 5
  Max Mhz: 2000, Current Mhz: 2000, Mhz Limit: 2000
Processor Information for processor 6
  Max Mhz: 2000, Current Mhz: 2000, Mhz Limit: 2000
Processor Information for processor 7
  Max Mhz: 2000, Current Mhz: 2000, Mhz Limit: 2000
Processor Information for processor 8
  Max Mhz: 2000, Current Mhz: 1500, Mhz Limit: 1500
Processor Information for processor 9
  Max Mhz: 2000, Current Mhz: 1500, Mhz Limit: 1500
Processor Information for processor 10
  Max Mhz: 2000, Current Mhz: 1500, Mhz Limit: 1500
Processor Information for processor 11
  Max Mhz: 2000, Current Mhz: 1500, Mhz Limit: 1500

Memory: 4k page, system-wide physical 16091M (812M free)
TotalPageFile size 34841M (AvailPageFile size 1M)
current process WorkingSet (physical memory assigned to process): 51M, peak: 147M
current process commit charge ("private bytes"): 250M, peak: 273M

vm_info: OpenJDK 64-Bit Server VM (21.0.6+8-b631.39) for windows-amd64 JRE (21.0.6+8-b631.39), built on 2025-02-04 by "builduser" with MS VC++ 16.10 / 16.11 (VS2019)

END.
